  [1m[36m (5.4ms)[0m  [1mCREATE TABLE "schema_migrations" ("version" varchar NOT NULL) [0m
  [1m[35m (0.1ms)[0m  select sqlite_version(*)
  [1m[36m (3.9ms)[0m  [1mCREATE UNIQUE INDEX "unique_schema_migrations" ON "schema_migrations" ("version")[0m
  [1m[35mActiveRecord::SchemaMigration Load (0.2ms)[0m  SELECT "schema_migrations".* FROM "schema_migrations"
Migrating to CreateCreatures (20160110191419)
  [1m[36m (0.1ms)[0m  [1mbegin transaction[0m
  [1m[35m (0.5ms)[0m  CREATE TABLE "creatures" ("id" INTEGER PRIMARY KEY AUTOINCREMENT NOT NULL, "name" varchar, "description" varchar, "created_at" datetime NOT NULL, "updated_at" datetime NOT NULL) 
  [1m[36mSQL (0.3ms)[0m  [1mINSERT INTO "schema_migrations" ("version") VALUES (?)[0m  [["version", "20160110191419"]]
  [1m[35m (8.0ms)[0m  commit transaction
  [1m[36mActiveRecord::SchemaMigration Load (0.1ms)[0m  [1mSELECT "schema_migrations".* FROM "schema_migrations"[0m
  [1m[36m (0.1ms)[0m  [1mbegin transaction[0m
  [1m[35mSQL (0.5ms)[0m  INSERT INTO "creatures" ("name", "description", "created_at", "updated_at") VALUES (?, ?, ?, ?)  [["name", "Kaiji"], ["description", "gambling addict"], ["created_at", "2016-01-10 19:15:37.918374"], ["updated_at", "2016-01-10 19:15:37.918374"]]
  [1m[36m (5.6ms)[0m  [1mcommit transaction[0m
  [1m[36mActiveRecord::SchemaMigration Load (0.2ms)[0m  [1mSELECT "schema_migrations".* FROM "schema_migrations"[0m
  [1m[35m (0.1ms)[0m  begin transaction
  [1m[36mSQL (1.0ms)[0m  [1mINSERT INTO "creatures" ("name", "description", "created_at", "updated_at") VALUES (?, ?, ?, ?)[0m  [["name", "Infernal Machine"], ["description", "devourer of souls and wallets"], ["created_at", "2016-01-10 19:20:01.196946"], ["updated_at", "2016-01-10 19:20:01.196946"]]
  [1m[35m (6.4ms)[0m  commit transaction
  [1m[36m (0.1ms)[0m  [1mbegin transaction[0m
  [1m[35mSQL (0.6ms)[0m  INSERT INTO "creatures" ("name", "description", "created_at", "updated_at") VALUES (?, ?, ?, ?)  [["name", "Jeff"], ["description", "master of the bog"], ["created_at", "2016-01-10 19:20:01.208848"], ["updated_at", "2016-01-10 19:20:01.208848"]]
  [1m[36m (4.4ms)[0m  [1mcommit transaction[0m
